d:\fede\fede\fede\x64\release\vc140.pdb
d:\fede\fede\fede\x64\release\qrc_fede.obj
d:\fede\fede\fede\x64\release\place.obj
d:\fede\fede\fede\x64\release\main.obj
d:\fede\fede\fede\x64\release\fede.obj
d:\fede\fede\fede\x64\release\record.obj
d:\fede\fede\fede\x64\release\input.obj
d:\fede\fede\fede\x64\release\moc_place.obj
d:\fede\fede\fede\x64\release\moc_fede.obj
d:\fede\fede\fede\x64\release\moc_record.obj
d:\fede\fede\fede\x64\release\moc_input.obj
d:\fede\fede\fede\generatedfiles\release\moc_fede.cpp
d:\fede\fede\fede\generatedfiles\ui_fede.h
d:\fede\fede\fede\generatedfiles\release\moc_record.cpp
d:\fede\fede\fede\generatedfiles\release\moc_input.cpp
d:\fede\fede\fede\generatedfiles\qrc_fede.cpp
d:\fede\fede\fede\generatedfiles\ui_input.h
d:\fede\fede\fede\generatedfiles\ui_record.h
d:\fede\fede\fede\generatedfiles\release\moc_place.cpp
d:\fede\fede\fede\generatedfiles\ui_place.h
d:\fede\fede\x64\release\fede.ilk
d:\fede\fede\x64\release\fede.exe
d:\fede\fede\x64\release\fede.pdb
d:\fede\fede\fede\x64\release\fede.tlog\cl.command.1.tlog
d:\fede\fede\fede\x64\release\fede.tlog\cl.read.1.tlog
d:\fede\fede\fede\x64\release\fede.tlog\cl.write.1.tlog
d:\fede\fede\fede\x64\release\fede.tlog\custombuild.command.1.tlog
d:\fede\fede\fede\x64\release\fede.tlog\custombuild.read.1.tlog
d:\fede\fede\fede\x64\release\fede.tlog\custombuild.write.1.tlog
d:\fede\fede\fede\x64\release\fede.tlog\link.command.1.tlog
d:\fede\fede\fede\x64\release\fede.tlog\link.read.1.tlog
d:\fede\fede\fede\x64\release\fede.tlog\link.write.1.tlog
